installed/build/outputs/logs/manifest-merger-release-report.txt
-- Merging decision tree log ---
manifest
ADDED from src/main/AndroidManifest.xml:2:1-3:49
INJECTED from src/main/AndroidManifest.xml:2:1-3:49
INJECTED from src/main/AndroidManifest.xml:2:1-3:49
INJECTED from src/main/AndroidManifest.xml:2:1-3:49
MERGED from [:features:hello] AndroidManifest.xml:2:1-43:12
MERGED from [:features:bye] AndroidManifest.xml:2:1-33:12
MERGED from [:features:base] AndroidManifest.xml:2:1-20:12
MERGED from [com.android.support:appcompat-v7:27.0.1] AndroidManifest.xml:17:1-22:12
MERGED from [com.android.support:support-fragment:27.0.1] AndroidManifest.xml:17:1-22:12
MERGED from [com.android.support:support-core-utils:27.0.1] AndroidManifest.xml:17:1-22:12
MERGED from [com.android.support:animated-vector-drawable:27.0.1] AndroidManifest.xml:17:1-22:12
MERGED from [com.android.support:support-vector-drawable:27.0.1] AndroidManifest.xml:17:1-22:12
MERGED from [com.android.support:support-core-ui:27.0.1] AndroidManifest.xml:17:1-22:12
MERGED from [com.android.support:support-compat:27.0.1] AndroidManifest.xml:17:1-22:12
MERGED from [android.arch.lifecycle:runtime:1.0.0] AndroidManifest.xml:17:1-30:12
INJECTED from src/main/AndroidManifest.xml:2:1-3:49
INJECTED from src/main/AndroidManifest.xml:2:1-3:49
INJECTED from src/main/AndroidManifest.xml:2:1-3:49
	package
		ADDED from src/main/AndroidManifest.xml:3:11-46
		INJECTED from src/main/AndroidManifest.xml
		INJECTED from src/main/AndroidManifest.xml
	android:versionName
		INJECTED from src/main/AndroidManifest.xml
		ADDED from src/main/AndroidManifest.xml:2:1-3:49
		INJECTED from src/main/AndroidManifest.xml
	android:versionCode
		INJECTED from src/main/AndroidManifest.xml
		ADDED from src/main/AndroidManifest.xml:2:1-3:49
		INJECTED from src/main/AndroidManifest.xml
	xmlns:android
		ADDED from src/main/AndroidManifest.xml:2:11-69
uses-sdk
INJECTED from src/main/AndroidManifest.xml reason: use-sdk injection requested
INJECTED from src/main/AndroidManifest.xml
INJECTED from src/main/AndroidManifest.xml
MERGED from [:features:hello] AndroidManifest.xml:7:5-9:41
MERGED from [:features:hello] AndroidManifest.xml:7:5-9:41
MERGED from [:features:bye] AndroidManifest.xml:7:5-9:41
MERGED from [:features:bye] AndroidManifest.xml:7:5-9:41
MERGED from [:features:base] AndroidManifest.xml:7:5-9:41
MERGED from [:features:base] AndroidManifest.xml:7:5-9:41
MERGED from [com.android.support:appcompat-v7:27.0.1] AndroidManifest.xml:20:5-44
MERGED from [com.android.support:appcompat-v7:27.0.1] AndroidManifest.xml:20:5-44
MERGED from [com.android.support:support-fragment:27.0.1] AndroidManifest.xml:20:5-44
MERGED from [com.android.support:support-fragment:27.0.1] AndroidManifest.xml:20:5-44
MERGED from [com.android.support:support-core-utils:27.0.1] AndroidManifest.xml:20:5-44
MERGED from [com.android.support:support-core-utils:27.0.1] AndroidManifest.xml:20:5-44
MERGED from [com.android.support:animated-vector-drawable:27.0.1] AndroidManifest.xml:20:5-44
MERGED from [com.android.support:animated-vector-drawable:27.0.1] AndroidManifest.xml:20:5-44
MERGED from [com.android.support:support-vector-drawable:27.0.1] AndroidManifest.xml:20:5-44
MERGED from [com.android.support:support-vector-drawable:27.0.1] AndroidManifest.xml:20:5-44
MERGED from [com.android.support:support-core-ui:27.0.1] AndroidManifest.xml:20:5-44
MERGED from [com.android.support:support-core-ui:27.0.1] AndroidManifest.xml:20:5-44
MERGED from [com.android.support:support-compat:27.0.1] AndroidManifest.xml:20:5-44
MERGED from [com.android.support:support-compat:27.0.1] AndroidManifest.xml:20:5-44
MERGED from [android.arch.lifecycle:runtime:1.0.0] AndroidManifest.xml:20:5-22:41
MERGED from [android.arch.lifecycle:runtime:1.0.0] AndroidManifest.xml:20:5-22:41
INJECTED from src/main/AndroidManifest.xml
INJECTED from src/main/AndroidManifest.xml
	android:targetSdkVersion
		INJECTED from src/main/AndroidManifest.xml
		ADDED from src/main/AndroidManifest.xml
		INJECTED from src/main/AndroidManifest.xml
	android:minSdkVersion
		INJECTED from src/main/AndroidManifest.xml
		ADDED from src/main/AndroidManifest.xml
		INJECTED from src/main/AndroidManifest.xml
application
ADDED from [:features:hello] AndroidManifest.xml:11:5-41:19
MERGED from [:features:bye] AndroidManifest.xml:11:5-31:19
MERGED from [:features:bye] AndroidManifest.xml:11:5-31:19
MERGED from [:features:base] AndroidManifest.xml:13:5-18:43
MERGED from [:features:base] AndroidManifest.xml:13:5-18:43
MERGED from [android.arch.lifecycle:runtime:1.0.0] AndroidManifest.xml:24:5-28:19
MERGED from [android.arch.lifecycle:runtime:1.0.0] AndroidManifest.xml:24:5-28:19
	android:supportsRtl
		ADDED from [:features:base] AndroidManifest.xml:17:9-35
	android:label
		ADDED from [:features:base] AndroidManifest.xml:16:9-41
	android:icon
		ADDED from [:features:base] AndroidManifest.xml:15:9-43
	android:allowBackup
		ADDED from [:features:base] AndroidManifest.xml:14:9-35
	android:theme
		ADDED from [:features:base] AndroidManifest.xml:18:9-40
activity#com.martin.feature.hello.HelloActivity
ADDED from [:features:hello] AndroidManifest.xml:12:9-40:20
	android:label
		ADDED from [:features:hello] AndroidManifest.xml:14:13-57
	android:theme
		ADDED from [:features:hello] AndroidManifest.xml:15:13-44
	android:name
		ADDED from [:features:hello] AndroidManifest.xml:13:13-66
intent-filter#action:name:android.intent.action.MAIN+category:name:android.intent.category.LAUNCHER
ADDED from [:features:hello] AndroidManifest.xml:16:13-20:29
	android:label
		ADDED from [:features:hello] AndroidManifest.xml:16:28-60
action#android.intent.action.MAIN
ADDED from [:features:hello] AndroidManifest.xml:17:17-69
	android:name
		ADDED from [:features:hello] AndroidManifest.xml:17:25-66
category#android.intent.category.LAUNCHER
ADDED from [:features:hello] AndroidManifest.xml:19:17-77
	android:name
		ADDED from [:features:hello] AndroidManifest.xml:19:27-74
meta-data#default-url
ADDED from [:features:hello] AndroidManifest.xml:22:13-24:65
	android:value
		ADDED from [:features:hello] AndroidManifest.xml:24:17-62
	android:name
		ADDED from [:features:hello] AndroidManifest.xml:23:17-43
intent-filter#action:name:android.intent.action.VIEW+category:name:android.intent.category.BROWSABLE+category:name:android.intent.category.DEFAULT+data:host:martinachov.github.io+data:pathPrefix:/hello+data:scheme:http+data:scheme:https
ADDED from [:features:hello] AndroidManifest.xml:26:13-39:29
	android:autoVerify
		ADDED from [:features:hello] AndroidManifest.xml:27:17-42
	android:order
		ADDED from [:features:hello] AndroidManifest.xml:28:17-34
action#android.intent.action.VIEW
ADDED from [:features:hello] AndroidManifest.xml:29:17-69
	android:name
		ADDED from [:features:hello] AndroidManifest.xml:29:25-66
category#android.intent.category.DEFAULT
ADDED from [:features:hello] AndroidManifest.xml:31:17-76
	android:name
		ADDED from [:features:hello] AndroidManifest.xml:31:27-73
category#android.intent.category.BROWSABLE
ADDED from [:features:hello] AndroidManifest.xml:32:17-78
	android:name
		ADDED from [:features:hello] AndroidManifest.xml:32:27-75
data
ADDED from [:features:hello] AndroidManifest.xml:34:17-36:45
	android:host
		ADDED from [:features:hello] AndroidManifest.xml:35:21-57
	android:scheme
		ADDED from [:features:hello] AndroidManifest.xml:36:21-42
activity#com.martin.feature.bye.GoodbyeActivity
ADDED from [:features:bye] AndroidManifest.xml:12:9-30:20
	android:label
		ADDED from [:features:bye] AndroidManifest.xml:14:13-59
	android:theme
		ADDED from [:features:bye] AndroidManifest.xml:15:13-44
	android:name
		ADDED from [:features:bye] AndroidManifest.xml:13:13-66
intent-filter#action:name:android.intent.action.VIEW+category:name:android.intent.category.BROWSABLE+category:name:android.intent.category.DEFAULT+data:host:martinachov.github.io+data:pathPrefix:/goodbye+data:scheme:http+data:scheme:https
ADDED from [:features:bye] AndroidManifest.xml:16:13-29:29
	android:autoVerify
		ADDED from [:features:bye] AndroidManifest.xml:17:17-42
	android:order
		ADDED from [:features:bye] AndroidManifest.xml:18:17-34
uses-permission#android.permission.INTERNET
ADDED from [:features:base] AndroidManifest.xml:11:5-67
	android:name
		ADDED from [:features:base] AndroidManifest.xml:11:22-64
meta-data#android.arch.lifecycle.VERSION
ADDED from [android.arch.lifecycle:runtime:1.0.0] AndroidManifest.xml:25:9-27:47
	android:value
		ADDED from [android.arch.lifecycle:runtime:1.0.0] AndroidManifest.xml:27:13-44
	android:name
		ADDED from [android.arch.lifecycle:runtime:1.0.0] AndroidManifest.xml:26:13-58